2020-02-28 21:18:44,610 [0.0.0.0-startStop-1] INFO  ROOT - Starting up context: oflaDemo
2020-02-28 21:18:45,211 [Loader:/oflaDemo] DEBUG org.red5.demos.oflaDemo.Application - start: Scope [name=oflaDemo, path=/default, type=APPLICATION, autoStart=true, creationTime=1582899525208, depth=1, enabled=true, running=false]
2020-02-28 21:18:45,219 [Loader:/oflaDemo] DEBUG org.red5.demos.oflaDemo.Application - appStart: Scope [name=oflaDemo, path=/default, type=APPLICATION, autoStart=true, creationTime=1582899525208, depth=1, enabled=true, running=false]
2020-02-28 21:18:45,219 [Loader:/oflaDemo] INFO  org.red5.demos.oflaDemo.Application - oflaDemo appStart
2020-02-28 21:18:45,222 [Loader:/oflaDemo] INFO  org.red5.demos.oflaDemo.DemoService - oflaDemo DemoService created
2020-02-28 21:19:00,432 [NioProcessor-5] DEBUG org.red5.demos.oflaDemo.Application - connect: RTMPMinaConnection from 127.0.0.1 (in: 3425 out: 3073) session: J1NBK9VRZUAUK state: connected > Scope [name=oflaDemo, path=/default, type=APPLICATION, autoStart=true, creationTime=1582899525208, depth=1, enabled=true, running=true]
2020-02-28 21:19:00,433 [NioProcessor-5] INFO  org.red5.demos.oflaDemo.Application - log w3c connect event
2020-02-28 21:19:00,433 [NioProcessor-5] INFO  org.red5.demos.oflaDemo.Application - W3C x-category:session x-event:connect c-ip:127.0.0.1 c-client-id:1
2020-02-28 21:19:00,433 [NioProcessor-5] INFO  org.red5.demos.oflaDemo.Application - oflaDemo appConnect
2020-02-28 21:19:00,435 [NioProcessor-5] DEBUG org.red5.demos.oflaDemo.Application - App connect called for scope: oflaDemo
2020-02-28 21:19:00,436 [NioProcessor-5] DEBUG org.red5.demos.oflaDemo.Application - Connection property: app = oflaDemo
2020-02-28 21:19:00,436 [NioProcessor-5] DEBUG org.red5.demos.oflaDemo.Application - Connection property: flashVer = LNX 32,0,0,330
2020-02-28 21:19:00,437 [NioProcessor-5] DEBUG org.red5.demos.oflaDemo.Application - Connection property: swfUrl = http://localhost:5080/demos/simpleBroadcaster.swf
2020-02-28 21:19:00,437 [NioProcessor-5] DEBUG org.red5.demos.oflaDemo.Application - Connection property: tcUrl = rtmp://dung-Vostro-3650/oflaDemo
2020-02-28 21:19:00,437 [NioProcessor-5] DEBUG org.red5.demos.oflaDemo.Application - Connection property: fpad = false
2020-02-28 21:19:00,437 [NioProcessor-5] DEBUG org.red5.demos.oflaDemo.Application - Connection property: capabilities = 239.0
2020-02-28 21:19:00,437 [NioProcessor-5] DEBUG org.red5.demos.oflaDemo.Application - Connection property: audioCodecs = 3575.0
2020-02-28 21:19:00,437 [NioProcessor-5] DEBUG org.red5.demos.oflaDemo.Application - Connection property: videoCodecs = 252.0
2020-02-28 21:19:00,438 [NioProcessor-5] DEBUG org.red5.demos.oflaDemo.Application - Connection property: videoFunction = 1.0
2020-02-28 21:19:00,438 [NioProcessor-5] DEBUG org.red5.demos.oflaDemo.Application - Connection property: pageUrl = http://localhost:5080/demos/simpleBroadcaster.html
2020-02-28 21:19:00,438 [NioProcessor-5] DEBUG org.red5.demos.oflaDemo.Application - Connection property: path = oflaDemo
2020-02-28 21:19:00,438 [NioProcessor-5] DEBUG org.red5.demos.oflaDemo.Application - appConnect: RTMPMinaConnection from 127.0.0.1 (in: 3425 out: 3073) session: J1NBK9VRZUAUK state: connected
2020-02-28 21:19:00,438 [NioProcessor-5] INFO  org.red5.demos.oflaDemo.Application - success :true
2020-02-28 21:19:00,439 [NioProcessor-5] INFO  org.red5.demos.oflaDemo.Application - ScopeUtils.isApp(scope)
2020-02-28 21:19:00,439 [NioProcessor-5] DEBUG org.red5.demos.oflaDemo.Application - appJoin: Client: 1 >> Scope [name=oflaDemo, path=/default, type=APPLICATION, autoStart=true, creationTime=1582899525208, depth=1, enabled=true, running=true]
2020-02-28 21:19:00,552 [NioProcessor-5] INFO  org.red5.demos.oflaDemo.Application - W3C x-category:stream x-event:publish c-ip:127.0.0.1 x-sname:b0f4f999-9fba-4a54-826f-6c2e7ba884b5 x-name:red5StreamDemo
